C:\USERS\MATTHEW\DOCUMENTS\GITHUB\GAME ENGINE\GAME ENGINE\OPENGL SETUP\DEBUG\SCENE.OBJ
C:\USERS\MATTHEW\DOCUMENTS\GITHUB\GAME ENGINE\GAME ENGINE\OPENGL SETUP\DEBUG\IMPORT.OBJ
C:\USERS\MATTHEW\DOCUMENTS\GITHUB\GAME ENGINE\GAME ENGINE\OPENGL SETUP\DEBUG\VC110.PDB
C:\USERS\MATTHEW\DOCUMENTS\GITHUB\GAME ENGINE\GAME ENGINE\OPENGL SETUP\DEBUG\MAIN.OBJ
C:\USERS\MATTHEW\DOCUMENTS\GITHUB\GAME ENGINE\GAME ENGINE\OPENGL SETUP\DEBUG\MAINLOOP.OBJ
C:\USERS\MATTHEW\DOCUMENTS\GITHUB\GAME ENGINE\GAME ENGINE\OPENGL SETUP\DEBUG\MODEL.OBJ
C:\USERS\MATTHEW\DOCUMENTS\GITHUB\GAME ENGINE\GAME ENGINE\OPENGL SETUP\DEBUG\OBJECT.OBJ
C:\USERS\MATTHEW\DOCUMENTS\GITHUB\GAME ENGINE\GAME ENGINE\OPENGL SETUP\DEBUG\OBJLOADER.OBJ
C:\USERS\MATTHEW\DOCUMENTS\GITHUB\GAME ENGINE\GAME ENGINE\OPENGL SETUP\DEBUG\OLDSOURCE.OBJ
C:\USERS\MATTHEW\DOCUMENTS\GITHUB\GAME ENGINE\GAME ENGINE\OPENGL SETUP\DEBUG\PERFANALYZER.OBJ
C:\USERS\MATTHEW\DOCUMENTS\GITHUB\GAME ENGINE\GAME ENGINE\OPENGL SETUP\DEBUG\PHYSICS.OBJ
C:\USERS\MATTHEW\DOCUMENTS\GITHUB\GAME ENGINE\GAME ENGINE\OPENGL SETUP\DEBUG\RENDER.OBJ
C:\USERS\MATTHEW\DOCUMENTS\GITHUB\GAME ENGINE\GAME ENGINE\OPENGL SETUP\DEBUG\SCENEMANAGER.OBJ
C:\USERS\MATTHEW\DOCUMENTS\GITHUB\GAME ENGINE\GAME ENGINE\OPENGL SETUP\DEBUG\SHADER.OBJ
C:\USERS\MATTHEW\DOCUMENTS\GITHUB\GAME ENGINE\GAME ENGINE\OPENGL SETUP\DEBUG\WINDOW.OBJ
C:\USERS\MATTHEW\DOCUMENTS\GITHUB\GAME ENGINE\GAME ENGINE\OPENGL SETUP\DEBUG\TEXTURE.OBJ
C:\Users\Matthew\Documents\GitHub\Game Engine\Game Engine\OpenGL setup\Debug\OpenGLsetup.Import.resources
C:\Users\Matthew\Documents\GitHub\Game Engine\Game Engine\OpenGL setup\Debug\OpenGLsetup.Scene.resources
C:\USERS\MATTHEW\DOCUMENTS\GITHUB\GAME ENGINE\GAME ENGINE\DEBUG\GAMEENGINE.ILK
C:\USERS\MATTHEW\DOCUMENTS\GITHUB\GAME ENGINE\GAME ENGINE\DEBUG\GAMEENGINE.EXE
C:\USERS\MATTHEW\DOCUMENTS\GITHUB\GAME ENGINE\GAME ENGINE\DEBUG\GAMEENGINE.PDB
C:\Users\Matthew\Documents\GitHub\Game Engine\Game Engine\OpenGL setup\Debug\OpenGL setup.vcxproj.GenerateResource.Cache
C:\Users\Matthew\Documents\GitHub\Game Engine\Game Engine\OpenGL setup\Debug\OpenGL setup.vcxprojResolveAssemblyReference.cache
C:\Users\Matthew\Documents\GitHub\Game Engine\Game Engine\OpenGL setup\Debug\Import.obj
C:\Users\Matthew\Documents\GitHub\Game Engine\Game Engine\OpenGL setup\Debug\main.obj
C:\Users\Matthew\Documents\GitHub\Game Engine\Game Engine\OpenGL setup\Debug\MainLoop.obj
C:\Users\Matthew\Documents\GitHub\Game Engine\Game Engine\OpenGL setup\Debug\Model.obj
C:\Users\Matthew\Documents\GitHub\Game Engine\Game Engine\OpenGL setup\Debug\Object.obj
C:\Users\Matthew\Documents\GitHub\Game Engine\Game Engine\OpenGL setup\Debug\ObjLoader.obj
C:\Users\Matthew\Documents\GitHub\Game Engine\Game Engine\OpenGL setup\Debug\OldSource.obj
C:\Users\Matthew\Documents\GitHub\Game Engine\Game Engine\OpenGL setup\Debug\PerfAnalyzer.obj
C:\Users\Matthew\Documents\GitHub\Game Engine\Game Engine\OpenGL setup\Debug\Physics.obj
C:\Users\Matthew\Documents\GitHub\Game Engine\Game Engine\OpenGL setup\Debug\Render.obj
C:\Users\Matthew\Documents\GitHub\Game Engine\Game Engine\OpenGL setup\Debug\Scene.obj
C:\Users\Matthew\Documents\GitHub\Game Engine\Game Engine\OpenGL setup\Debug\SceneManager.obj
C:\Users\Matthew\Documents\GitHub\Game Engine\Game Engine\OpenGL setup\Debug\Shader.obj
C:\Users\Matthew\Documents\GitHub\Game Engine\Game Engine\OpenGL setup\Debug\Texture.obj
C:\Users\Matthew\Documents\GitHub\Game Engine\Game Engine\OpenGL setup\Debug\Window.obj
C:\Users\Matthew\Documents\GitHub\Game Engine\Game Engine\OpenGL setup\Debug\cl.command.1.tlog
C:\Users\Matthew\Documents\GitHub\Game Engine\Game Engine\OpenGL setup\Debug\CL.read.1.tlog
C:\Users\Matthew\Documents\GitHub\Game Engine\Game Engine\OpenGL setup\Debug\CL.write.1.tlog
C:\Users\Matthew\Documents\GitHub\Game Engine\Game Engine\OpenGL setup\Debug\GameEngine.write.1.tlog
C:\Users\Matthew\Documents\GitHub\Game Engine\Game Engine\OpenGL setup\Debug\link.7040-cvtres.read.1.tlog
C:\Users\Matthew\Documents\GitHub\Game Engine\Game Engine\OpenGL setup\Debug\link.7040-cvtres.write.1.tlog
C:\Users\Matthew\Documents\GitHub\Game Engine\Game Engine\OpenGL setup\Debug\link.7040-rc.read.1.tlog
C:\Users\Matthew\Documents\GitHub\Game Engine\Game Engine\OpenGL setup\Debug\link.7040-rc.write.1.tlog
C:\Users\Matthew\Documents\GitHub\Game Engine\Game Engine\OpenGL setup\Debug\link.7040.read.1.tlog
C:\Users\Matthew\Documents\GitHub\Game Engine\Game Engine\OpenGL setup\Debug\link.7040.write.1.tlog
C:\Users\Matthew\Documents\GitHub\Game Engine\Game Engine\OpenGL setup\Debug\link.command.1.tlog
C:\Users\Matthew\Documents\GitHub\Game Engine\Game Engine\OpenGL setup\Debug\link.read.1.tlog
C:\Users\Matthew\Documents\GitHub\Game Engine\Game Engine\OpenGL setup\Debug\link.write.1.tlog
C:\Users\Matthew\Documents\GitHub\Game Engine\Game Engine\OpenGL setup\Debug\vc110.idb
C:\Users\Matthew\Documents\GitHub\Game Engine\Game Engine\OpenGL setup\Debug\vc110.pdb
C:\Users\Matthew\Documents\GitHub\Game Engine\Game Engine\Debug\GameEngine.pdb
C:\Users\Matthew\Documents\GitHub\Game Engine\Game Engine\Debug\GameEngine.exe
C:\Users\Matthew\Documents\GitHub\Game Engine\Game Engine\Debug\GameEngine.ilk
