C:\USERS\MATTHEW\DOCUMENTS\GITHUB\GAME-ENGINE\TUTORIAL 3\OPENGL SETUP\OPENGL SETUP\DEBUG\MAIN.OBJ
C:\USERS\MATTHEW\DOCUMENTS\GITHUB\GAME-ENGINE\TUTORIAL 3\OPENGL SETUP\OPENGL SETUP\DEBUG\OBJECT.OBJ
C:\USERS\MATTHEW\DOCUMENTS\GITHUB\GAME-ENGINE\TUTORIAL 3\OPENGL SETUP\OPENGL SETUP\DEBUG\SHADER.OBJ
C:\USERS\MATTHEW\DOCUMENTS\GITHUB\GAME-ENGINE\TUTORIAL 3\OPENGL SETUP\OPENGL SETUP\DEBUG\TEXTURE.OBJ
C:\USERS\MATTHEW\DOCUMENTS\GITHUB\GAME-ENGINE\TUTORIAL 3\OPENGL SETUP\OPENGL SETUP\DEBUG\VC110.PDB
C:\USERS\MATTHEW\DOCUMENTS\GITHUB\GAME-ENGINE\TUTORIAL 3\OPENGL SETUP\OPENGL SETUP\DEBUG\MODEL.OBJ
C:\USERS\MATTHEW\DOCUMENTS\GITHUB\GAME-ENGINE\TUTORIAL 3\OPENGL SETUP\DEBUG\OPENGL SETUP.ILK
C:\USERS\MATTHEW\DOCUMENTS\GITHUB\GAME-ENGINE\TUTORIAL 3\OPENGL SETUP\DEBUG\OPENGL SETUP.EXE
C:\USERS\MATTHEW\DOCUMENTS\GITHUB\GAME-ENGINE\TUTORIAL 3\OPENGL SETUP\DEBUG\OPENGL SETUP.PDB
C:\Users\Matthew\Documents\GitHub\Game-Engine\Tutorial 3\OpenGL setup\OpenGL setup\Debug\Model.obj
C:\Users\Matthew\Documents\GitHub\Game-Engine\Tutorial 3\OpenGL setup\OpenGL setup\Debug\Object.obj
C:\Users\Matthew\Documents\GitHub\Game-Engine\Tutorial 3\OpenGL setup\OpenGL setup\Debug\Shader.obj
C:\Users\Matthew\Documents\GitHub\Game-Engine\Tutorial 3\OpenGL setup\OpenGL setup\Debug\Texture.obj
C:\Users\Matthew\Documents\GitHub\Game-Engine\Tutorial 3\OpenGL setup\OpenGL setup\Debug\cl.command.1.tlog
C:\Users\Matthew\Documents\GitHub\Game-Engine\Tutorial 3\OpenGL setup\OpenGL setup\Debug\CL.read.1.tlog
C:\Users\Matthew\Documents\GitHub\Game-Engine\Tutorial 3\OpenGL setup\OpenGL setup\Debug\CL.write.1.tlog
C:\Users\Matthew\Documents\GitHub\Game-Engine\Tutorial 3\OpenGL setup\OpenGL setup\Debug\link-cvtres.read.1.tlog
C:\Users\Matthew\Documents\GitHub\Game-Engine\Tutorial 3\OpenGL setup\OpenGL setup\Debug\link-cvtres.write.1.tlog
C:\Users\Matthew\Documents\GitHub\Game-Engine\Tutorial 3\OpenGL setup\OpenGL setup\Debug\link-rc.read.1.tlog
C:\Users\Matthew\Documents\GitHub\Game-Engine\Tutorial 3\OpenGL setup\OpenGL setup\Debug\link-rc.write.1.tlog
C:\Users\Matthew\Documents\GitHub\Game-Engine\Tutorial 3\OpenGL setup\OpenGL setup\Debug\link.command.1.tlog
C:\Users\Matthew\Documents\GitHub\Game-Engine\Tutorial 3\OpenGL setup\OpenGL setup\Debug\link.read.1.tlog
C:\Users\Matthew\Documents\GitHub\Game-Engine\Tutorial 3\OpenGL setup\OpenGL setup\Debug\link.write.1.tlog
C:\Users\Matthew\Documents\GitHub\Game-Engine\Tutorial 3\OpenGL setup\OpenGL setup\Debug\vc110.idb
C:\Users\Matthew\Documents\GitHub\Game-Engine\Tutorial 3\OpenGL setup\OpenGL setup\Debug\vc110.pdb
C:\Users\Matthew\Documents\GitHub\Game-Engine\Tutorial 3\OpenGL setup\Debug\OpenGL setup.pdb
C:\Users\Matthew\Documents\GitHub\Game-Engine\Tutorial 3\OpenGL setup\Debug\OpenGL setup.exe
C:\Users\Matthew\Documents\GitHub\Game-Engine\Tutorial 3\OpenGL setup\Debug\OpenGL setup.ilk
